<?xml version="1.0" encoding="UTF-8"?>
<!-- Generated by org.testng.reporters.JUnitXMLReporter -->
<testsuite ignored="0" hostname="notebook" failures="0" tests="4" name="Command line test" time="34.104" errors="0" timestamp="03 Dec 2020 12:29:54 GMT">
  <testcase classname="Tests" name="testingCheckboxes" time="3.336"/>
  <testcase classname="Tests" name="testDropdown" time="3.311"/>
  <testcase classname="Tests" name="tableTest" time="11.958"/>
  <testcase classname="Tests" name="testOpenWindows" time="15.233"/>
</testsuite> <!-- Command line test -->
