<?xml version="1.0" encoding="UTF-8"?>
<testng-results ignored="0" total="4" passed="4" failed="0" skipped="0">
  <reporter-output>
  </reporter-output>
  <suite started-at="2020-12-03T12:29:20Z" name="Tests" finished-at="2020-12-03T12:29:54Z" duration-ms="34104">
    <groups>
    </groups>
    <test started-at="2020-12-03T12:29:20Z" name="Command line test" finished-at="2020-12-03T12:29:54Z" duration-ms="34104">
      <class name="Tests">
        <test-method signature="testingCheckboxes()[pri:1, instance:Tests@20a14b55]" started-at="2020-12-03T12:29:20Z" name="testingCheckboxes" description="work with checkboxes in page" finished-at="2020-12-03T12:29:23Z" duration-ms="3336" status="PASS">
          <reporter-output>
          </reporter-output>
        </test-method> <!-- testingCheckboxes -->
        <test-method signature="testDropdown()[pri:2, instance:Tests@20a14b55]" started-at="2020-12-03T12:29:23Z" name="testDropdown" description="work with dropdowns in page" finished-at="2020-12-03T12:29:27Z" duration-ms="3311" status="PASS">
          <reporter-output>
          </reporter-output>
        </test-method> <!-- testDropdown -->
        <test-method signature="tableTest()[pri:3, instance:Tests@20a14b55]" started-at="2020-12-03T12:29:27Z" name="tableTest" description="work with table in page" finished-at="2020-12-03T12:29:39Z" duration-ms="11958" status="PASS">
          <reporter-output>
          </reporter-output>
        </test-method> <!-- tableTest -->
        <test-method signature="testOpenWindows()[pri:4, instance:Tests@20a14b55]" started-at="2020-12-03T12:29:39Z" name="testOpenWindows" description="work with dropdowns in page" finished-at="2020-12-03T12:29:54Z" duration-ms="15233" status="PASS">
          <reporter-output>
          </reporter-output>
        </test-method> <!-- testOpenWindows -->
      </class> <!-- Tests -->
    </test> <!-- Command line test -->
  </suite> <!-- Tests -->
</testng-results>
