<?xml version="1.0" encoding="UTF-8"?>
<testng-results ignored="0" total="1" passed="1" failed="0" skipped="0">
  <reporter-output>
  </reporter-output>
  <suite started-at="2021-01-08T15:11:20Z" name="Tests" finished-at="2021-01-08T15:11:27Z" duration-ms="6655">
    <groups>
    </groups>
    <test started-at="2021-01-08T15:11:20Z" name="Command line test" finished-at="2021-01-08T15:11:27Z" duration-ms="6655">
      <class name="Tests">
        <test-method signature="testSearchField()[pri:1, instance:Tests@4b3a45f1]" started-at="2021-01-08T15:11:20Z" name="testSearchField" description="work with search field" finished-at="2021-01-08T15:11:26Z" duration-ms="6452" status="PASS">
          <reporter-output>
          </reporter-output>
        </test-method> <!-- testSearchField -->
      </class> <!-- Tests -->
    </test> <!-- Command line test -->
  </suite> <!-- Tests -->
</testng-results>
